[21:31:44] [ServerMain/INFO]: Environment: authHost='https://authserver.mojang.com', accountsHost='https://api.mojang.com', sessionHost='https://sessionserver.mojang.com', servicesHost='https://api.minecraftservices.com', name='PROD'
[21:31:44] [ServerMain/INFO]: Found new data pack file/bukkit, loading it automatically
[21:31:46] [ServerMain/WARN]: Failed to parse level-type default, defaulting to minecraft:normal
[21:31:48] [ServerMain/INFO]: Loaded 7 recipes
[21:31:49] [Server thread/INFO]: Starting minecraft server version 1.20.1
[21:31:49] [Server thread/WARN]: ****************************
[21:31:49] [Server thread/WARN]: YOU ARE RUNNING THIS SERVER AS AN ADMINISTRATIVE OR ROOT USER. THIS IS NOT ADVISED.
[21:31:49] [Server thread/WARN]: YOU ARE OPENING YOURSELF UP TO POTENTIAL RISKS WHEN DOING THIS.
[21:31:49] [Server thread/WARN]: FOR MORE INFORMATION, SEE https://madelinemiller.dev/blog/root-minecraft-server/
[21:31:49] [Server thread/WARN]: ****************************
[21:31:49] [Server thread/INFO]: Loading properties
[21:31:50] [Server thread/INFO]: This server is running Paper version git-Paper-163 (MC: 1.20.1) (Implementing API version 1.20.1-R0.1-SNAPSHOT) (Git: 6f30f08)
[21:31:50] [Server thread/INFO]: Server Ping Player Sample Count: 12
[21:31:50] [Server thread/INFO]: Using 4 threads for Netty based IO
[21:31:50] [Server thread/INFO]: [ChunkTaskScheduler] Chunk system is using 1 I/O threads, 1 worker threads, and gen parallelism of 1 threads
[21:31:50] [Server thread/WARN]: [!] The timings profiler has been enabled but has been scheduled for removal from Paper in the future.
    We recommend installing the spark profiler as a replacement: https://spark.lucko.me/
    For more information please visit: https://github.com/PaperMC/Paper/issues/8948
[21:31:51] [Server thread/INFO]: Default game type: SURVIVAL
[21:31:51] [Server thread/INFO]: Generating keypair
[21:31:51] [Server thread/INFO]: Starting Minecraft server on *:25565
[21:31:51] [Server thread/INFO]: Using default channel type
[21:31:51] [Server thread/INFO]: Paper: Using Java compression from Velocity.
[21:31:51] [Server thread/INFO]: Paper: Using Java cipher from Velocity.
[21:31:52] [Server thread/WARN]: **** SERVER IS RUNNING IN OFFLINE/INSECURE MODE!
[21:31:52] [Server thread/WARN]: The server will make no attempt to authenticate usernames. Beware.
[21:31:52] [Server thread/WARN]: While this makes the game possible to play without internet access, it also opens up the ability for hackers to connect with any username they choose.
[21:31:52] [Server thread/WARN]: To change this, set "online-mode" to "true" in the server.properties file.
[21:31:52] [Server thread/INFO]: Preparing level "world"
[21:31:52] [Server thread/WARN]: Failed to parse level-type default, defaulting to minecraft:normal
[21:32:19] [Server thread/WARN]: Failed to parse level-type default, defaulting to minecraft:normal
[21:32:21] [Server thread/WARN]: Failed to parse level-type default, defaulting to minecraft:normal
[21:32:22] [Server thread/INFO]: Preparing start region for dimension minecraft:overworld
[21:32:22] [Server thread/INFO]: Time elapsed: 229 ms
[21:32:22] [Server thread/INFO]: Preparing start region for dimension minecraft:the_nether
[21:32:22] [Server thread/INFO]: Time elapsed: 137 ms
[21:32:22] [Server thread/INFO]: Preparing start region for dimension minecraft:the_end
[21:32:22] [Server thread/INFO]: Time elapsed: 114 ms
[21:32:22] [Server thread/INFO]: Running delayed init tasks
[21:32:22] [Server thread/INFO]: Done (32.909s)! For help, type "help"
[21:32:22] [Server thread/INFO]: Timings Reset
[21:32:45] [Server thread/INFO]: --------- Help: Index ---------------------------
[21:32:45] [Server thread/INFO]: Use /help [n] to get page n of help.
[21:32:45] [Server thread/INFO]: Aliases: Lists command aliases
[21:32:45] [Server thread/INFO]: Bukkit: All commands for Bukkit
[21:32:45] [Server thread/INFO]: Minecraft: All commands for Minecraft
[21:32:45] [Server thread/INFO]: /advancement: A Mojang provided command.
[21:32:45] [Server thread/INFO]: /attribute: A Mojang provided command.
[21:32:45] [Server thread/INFO]: /ban: A Mojang provided command.
[21:32:45] [Server thread/INFO]: /ban-ip: A Mojang provided command.
[21:32:45] [Server thread/INFO]: /banlist: A Mojang provided command.
[21:32:45] [Server thread/INFO]: /bossbar: A Mojang provided command.
[21:32:45] [Server thread/INFO]: /clear: A Mojang provided command.
[21:32:45] [Server thread/INFO]: /clone: A Mojang provided command.
[21:32:45] [Server thread/INFO]: /damage: A Mojang provided command.
[21:32:45] [Server thread/INFO]: /data: A Mojang provided command.
[21:32:45] [Server thread/INFO]: /datapack: A Mojang provided command.
[21:32:45] [Server thread/INFO]: /debug: A Mojang provided command.
[21:32:45] [Server thread/INFO]: /defaultgamemode: A Mojang provided command.
[21:32:45] [Server thread/INFO]: /deop: A Mojang provided command.
[21:32:45] [Server thread/INFO]: /difficulty: A Mojang provided command.
[21:32:45] [Server thread/INFO]: /effect: A Mojang provided command.
[21:32:45] [Server thread/INFO]: /enchant: A Mojang provided command.
[21:32:45] [Server thread/INFO]: /execute: A Mojang provided command.
[21:32:45] [Server thread/INFO]: /experience: A Mojang provided command.
[21:32:45] [Server thread/INFO]: /fill: A Mojang provided command.
[21:32:45] [Server thread/INFO]: /fillbiome: A Mojang provided command.
[21:32:45] [Server thread/INFO]: /forceload: A Mojang provided command.
[21:32:45] [Server thread/INFO]: /function: A Mojang provided command.
[21:32:45] [Server thread/INFO]: /gamemode: A Mojang provided command.
[21:32:45] [Server thread/INFO]: /gamerule: A Mojang provided command.
[21:32:45] [Server thread/INFO]: /give: A Mojang provided command.
[21:32:45] [Server thread/INFO]: /help: Shows the help menu
[21:32:45] [Server thread/INFO]: /item: A Mojang provided command.
[21:32:45] [Server thread/INFO]: /jfr: A Mojang provided command.
[21:32:45] [Server thread/INFO]: /kick: A Mojang provided command.
[21:32:45] [Server thread/INFO]: /kill: A Mojang provided command.
[21:32:45] [Server thread/INFO]: /list: A Mojang provided command.
[21:32:45] [Server thread/INFO]: /locate: A Mojang provided command.
[21:32:45] [Server thread/INFO]: /loot: A Mojang provided command.
[21:32:45] [Server thread/INFO]: /me: A Mojang provided command.
[21:32:45] [Server thread/INFO]: /minecraft:help: A Mojang provided command.
[21:32:45] [Server thread/INFO]: /minecraft:reload: A Mojang provided command.
[21:32:45] [Server thread/INFO]: /msg: A Mojang provided command.
[21:32:45] [Server thread/INFO]: /mspt: View server tick times
[21:32:45] [Server thread/INFO]: /op: A Mojang provided command.
[21:32:45] [Server thread/INFO]: /paper: Paper related commands
[21:32:45] [Server thread/INFO]: /pardon: A Mojang provided command.
[21:32:45] [Server thread/INFO]: /pardon-ip: A Mojang provided command.
[21:32:45] [Server thread/INFO]: /particle: A Mojang provided command.
[21:32:45] [Server thread/INFO]: /perf: A Mojang provided command.
[21:32:45] [Server thread/INFO]: /place: A Mojang provided command.
[21:32:45] [Server thread/INFO]: /playsound: A Mojang provided command.
[21:32:45] [Server thread/INFO]: /plugins: Gets a list of plugins running on the server
[21:32:45] [Server thread/INFO]: /recipe: A Mojang provided command.
[21:32:45] [Server thread/INFO]: /reload: Reloads the server configuration and plugins
[21:32:45] [Server thread/INFO]: /restart: Restarts the server
[21:32:45] [Server thread/INFO]: /return: A Mojang provided command.
[21:32:45] [Server thread/INFO]: /ride: A Mojang provided command.
[21:32:45] [Server thread/INFO]: /save-all: A Mojang provided command.
[21:32:45] [Server thread/INFO]: /save-off: A Mojang provided command.
[21:32:45] [Server thread/INFO]: /save-on: A Mojang provided command.
[21:32:45] [Server thread/INFO]: /say: A Mojang provided command.
[21:32:45] [Server thread/INFO]: /schedule: A Mojang provided command.
[21:32:45] [Server thread/INFO]: /scoreboard: A Mojang provided command.
[21:32:45] [Server thread/INFO]: /seed: A Mojang provided command.
[21:32:45] [Server thread/INFO]: /setblock: A Mojang provided command.
[21:32:45] [Server thread/INFO]: /setidletimeout: A Mojang provided command.
[21:32:45] [Server thread/INFO]: /setworldspawn: A Mojang provided command.
[21:32:45] [Server thread/INFO]: /spawnpoint: A Mojang provided command.
[21:32:45] [Server thread/INFO]: /spectate: A Mojang provided command.
[21:32:45] [Server thread/INFO]: /spigot: Spigot related commands
[21:32:45] [Server thread/INFO]: /spreadplayers: A Mojang provided command.
[21:32:45] [Server thread/INFO]: /stop: A Mojang provided command.
[21:32:45] [Server thread/INFO]: /stopsound: A Mojang provided command.
[21:32:45] [Server thread/INFO]: /summon: A Mojang provided command.
[21:32:45] [Server thread/INFO]: /tag: A Mojang provided command.
[21:32:45] [Server thread/INFO]: /team: A Mojang provided command.
[21:32:45] [Server thread/INFO]: /teammsg: A Mojang provided command.
[21:32:45] [Server thread/INFO]: /teleport: A Mojang provided command.
[21:32:45] [Server thread/INFO]: /tell: A Mojang provided command.
[21:32:45] [Server thread/INFO]: /tellraw: A Mojang provided command.
[21:32:45] [Server thread/INFO]: /time: A Mojang provided command.
[21:32:45] [Server thread/INFO]: /timings: Manages Spigot Timings data to see performance of the server.
[21:32:45] [Server thread/INFO]: /title: A Mojang provided command.
[21:32:45] [Server thread/INFO]: /tm: A Mojang provided command.
[21:32:45] [Server thread/INFO]: /tp: A Mojang provided command.
[21:32:45] [Server thread/INFO]: /tps: Gets the current ticks per second for the server
[21:32:45] [Server thread/INFO]: /trigger: A Mojang provided command.
[21:32:45] [Server thread/INFO]: /version: Gets the version of this server including any plugins in use
[21:32:45] [Server thread/INFO]: /w: A Mojang provided command.
[21:32:45] [Server thread/INFO]: /weather: A Mojang provided command.
[21:32:45] [Server thread/INFO]: /whitelist: A Mojang provided command.
[21:32:45] [Server thread/INFO]: /worldborder: A Mojang provided command.
[21:32:45] [Server thread/INFO]: /xp: A Mojang provided command.
[21:32:47] [Server thread/INFO]: Unknown or incomplete command, see below for error
xp<--[HERE]
[21:33:01] [Server thread/INFO]: Stopping the server
[21:33:01] [Server thread/INFO]: Stopping server
[21:33:01] [Server thread/INFO]: Saving players
[21:33:01] [Server thread/INFO]: Saving worlds
[21:33:01] [Server thread/INFO]: Saving chunks for level 'ServerLevel[world]'/minecraft:overworld
[21:33:01] [Server thread/INFO]: [ChunkHolderManager] Waiting 60s for chunk system to halt for world 'world'
[21:33:01] [Server thread/INFO]: [ChunkHolderManager] Halted chunk system for world 'world'
[21:33:01] [Server thread/INFO]: [ChunkHolderManager] Saving all chunkholders for world 'world'
[21:33:04] [Server thread/INFO]: [ChunkHolderManager] Saved 1521 block chunks, 1 entity chunks, 0 poi chunks in world 'world' in 3.24s
[21:33:05] [Server thread/INFO]: ThreadedAnvilChunkStorage (world): All chunks are saved
[21:33:05] [Server thread/INFO]: Saving chunks for level 'ServerLevel[world_nether]'/minecraft:the_nether
[21:33:05] [Server thread/INFO]: [ChunkHolderManager] Waiting 60s for chunk system to halt for world 'world_nether'
[21:33:05] [Server thread/INFO]: [ChunkHolderManager] Halted chunk system for world 'world_nether'
[21:33:05] [Server thread/INFO]: [ChunkHolderManager] Saving all chunkholders for world 'world_nether'
[21:33:07] [Server thread/INFO]: [ChunkHolderManager] Saved 1681 block chunks, 1 entity chunks, 0 poi chunks in world 'world_nether' in 1.66s
[21:33:08] [Server thread/INFO]: ThreadedAnvilChunkStorage (DIM-1): All chunks are saved
[21:33:08] [Server thread/INFO]: Saving chunks for level 'ServerLevel[world_the_end]'/minecraft:the_end
[21:33:08] [Server thread/INFO]: [ChunkHolderManager] Waiting 60s for chunk system to halt for world 'world_the_end'
[21:33:08] [Server thread/INFO]: [ChunkHolderManager] Halted chunk system for world 'world_the_end'
[21:33:08] [Server thread/INFO]: [ChunkHolderManager] Saving all chunkholders for world 'world_the_end'
[21:33:09] [Server thread/INFO]: [ChunkHolderManager] Saved 2025 block chunks, 529 entity chunks, 0 poi chunks in world 'world_the_end' in 1.49s
[21:33:10] [Server thread/INFO]: ThreadedAnvilChunkStorage (DIM1): All chunks are saved
[21:33:10] [Server thread/INFO]: ThreadedAnvilChunkStorage: All dimensions are saved
[21:33:10] [Server thread/INFO]: Flushing Chunk IO
[21:33:10] [Server thread/INFO]: Closing Thread Pool
[21:33:10] [Server thread/INFO]: Closing Server
